0 info it worked if it ends with ok
1 verbose cli [ 'C:\\Program Files\\nodejs\\node.exe',
1 verbose cli   'C:\\Program Files\\nodejs\\node_modules\\npm\\bin\\npm-cli.js',
1 verbose cli   'view',
1 verbose cli   'cordova-network-information',
1 verbose cli   '--json' ]
2 info using npm@3.10.8
3 info using node@v6.9.1
4 silly mapToRegistry name cordova-network-information
5 silly mapToRegistry using default registry
6 silly mapToRegistry registry https://registry.npmjs.org/
7 silly mapToRegistry data Result {
7 silly mapToRegistry   raw: 'cordova-network-information',
7 silly mapToRegistry   scope: null,
7 silly mapToRegistry   escapedName: 'cordova-network-information',
7 silly mapToRegistry   name: 'cordova-network-information',
7 silly mapToRegistry   rawSpec: '',
7 silly mapToRegistry   spec: 'latest',
7 silly mapToRegistry   type: 'tag' }
8 silly mapToRegistry uri https://registry.npmjs.org/cordova-network-information
9 verbose request uri https://registry.npmjs.org/cordova-network-information
10 verbose request no auth needed
11 info attempt registry request try #1 at 11:29:04
12 verbose request id 422741d4ca892386
13 http request GET https://registry.npmjs.org/cordova-network-information
14 http 503 https://registry.npmjs.org/cordova-network-information
15 verbose headers { 'content-type': 'application/json',
15 verbose headers   'cache-control': 'max-age=0',
15 verbose headers   'content-length': '2',
15 verbose headers   'accept-ranges': 'bytes',
15 verbose headers   date: 'Tue, 15 May 2018 08:26:42 GMT',
15 verbose headers   via: '1.1 varnish',
15 verbose headers   connection: 'keep-alive',
15 verbose headers   'x-served-by': 'cache-hhn1538-HHN',
15 verbose headers   'x-cache': 'MISS',
15 verbose headers   'x-cache-hits': '0',
15 verbose headers   'x-timer': 'S1526372801.755772,VS0,VE1392',
15 verbose headers   vary: 'Accept-Encoding' }
16 info retry will retry, error on last attempt: Error: Registry returned 503 for GET on https://registry.npmjs.org/cordova-network-information
17 info attempt registry request try #2 at 11:29:16
18 http request GET https://registry.npmjs.org/cordova-network-information
19 http 503 https://registry.npmjs.org/cordova-network-information
20 verbose headers { 'content-type': 'application/json',
20 verbose headers   'cache-control': 'max-age=0',
20 verbose headers   'content-length': '2',
20 verbose headers   'accept-ranges': 'bytes',
20 verbose headers   date: 'Tue, 15 May 2018 08:26:53 GMT',
20 verbose headers   via: '1.1 varnish',
20 verbose headers   connection: 'keep-alive',
20 verbose headers   'x-served-by': 'cache-fra19143-FRA',
20 verbose headers   'x-cache': 'MISS',
20 verbose headers   'x-cache-hits': '0',
20 verbose headers   'x-timer': 'S1526372812.368500,VS0,VE876',
20 verbose headers   vary: 'Accept-Encoding' }
21 info retry will retry, error on last attempt: Error: Registry returned 503 for GET on https://registry.npmjs.org/cordova-network-information
22 info attempt registry request try #3 at 11:30:17
23 http request GET https://registry.npmjs.org/cordova-network-information
24 http 503 https://registry.npmjs.org/cordova-network-information
25 verbose headers { 'content-type': 'application/json',
25 verbose headers   'cache-control': 'max-age=0',
25 verbose headers   'content-length': '2',
25 verbose headers   'accept-ranges': 'bytes',
25 verbose headers   date: 'Tue, 15 May 2018 08:27:54 GMT',
25 verbose headers   via: '1.1 varnish',
25 verbose headers   connection: 'keep-alive',
25 verbose headers   'x-served-by': 'cache-fra19130-FRA',
25 verbose headers   'x-cache': 'MISS',
25 verbose headers   'x-cache-hits': '0',
25 verbose headers   'x-timer': 'S1526372874.535550,VS0,VE999',
25 verbose headers   vary: 'Accept-Encoding' }
26 silly get cb [ 503,
26 silly get   { 'content-type': 'application/json',
26 silly get     'cache-control': 'max-age=0',
26 silly get     'content-length': '2',
26 silly get     'accept-ranges': 'bytes',
26 silly get     date: 'Tue, 15 May 2018 08:27:54 GMT',
26 silly get     via: '1.1 varnish',
26 silly get     connection: 'keep-alive',
26 silly get     'x-served-by': 'cache-fra19130-FRA',
26 silly get     'x-cache': 'MISS',
26 silly get     'x-cache-hits': '0',
26 silly get     'x-timer': 'S1526372874.535550,VS0,VE999',
26 silly get     vary: 'Accept-Encoding' } ]
27 verbose stack Error: Registry returned 503 for GET on https://registry.npmjs.org/cordova-network-information
27 verbose stack     at makeError (C:\Program Files\nodejs\node_modules\npm\node_modules\npm-registry-client\lib\request.js:302:12)
27 verbose stack     at CachingRegistryClient.<anonymous> (C:\Program Files\nodejs\node_modules\npm\node_modules\npm-registry-client\lib\request.js:280:14)
27 verbose stack     at Request._callback (C:\Program Files\nodejs\node_modules\npm\node_modules\npm-registry-client\lib\request.js:210:14)
27 verbose stack     at Request.self.callback (C:\Program Files\nodejs\node_modules\npm\node_modules\request\request.js:187:22)
27 verbose stack     at emitTwo (events.js:106:13)
27 verbose stack     at Request.emit (events.js:191:7)
27 verbose stack     at Request.<anonymous> (C:\Program Files\nodejs\node_modules\npm\node_modules\request\request.js:1044:10)
27 verbose stack     at emitOne (events.js:96:13)
27 verbose stack     at Request.emit (events.js:188:7)
27 verbose stack     at IncomingMessage.<anonymous> (C:\Program Files\nodejs\node_modules\npm\node_modules\request\request.js:965:12)
28 verbose statusCode 503
29 verbose pkgid cordova-network-information
30 verbose cwd C:\xampp\htdocs\hello
31 error Windows_NT 10.0.16299
32 error argv "C:\\Program Files\\nodejs\\node.exe" "C:\\Program Files\\nodejs\\node_modules\\npm\\bin\\npm-cli.js" "view" "cordova-network-information" "--json"
33 error node v6.9.1
34 error npm  v3.10.8
35 error code E503
36 error Registry returned 503 for GET on https://registry.npmjs.org/cordova-network-information
37 error If you need help, you may report this error at:
37 error     <https://github.com/npm/npm/issues>
38 verbose exit [ 1, true ]
